13-Nov-2023 21:53:10.638 INFORMAÇÕES [main] org.apache.catalina.startup.VersionLoggerListener.log Server version name:   Apache Tomcat/10.1.15
13-Nov-2023 21:53:10.642 INFORMAÇÕES [main] org.apache.catalina.startup.VersionLoggerListener.log Server built:          Oct 11 2023 23:38:40 UTC
13-Nov-2023 21:53:10.642 INFORMAÇÕES [main] org.apache.catalina.startup.VersionLoggerListener.log Server version number: 10.1.15.0
13-Nov-2023 21:53:10.642 INFORMAÇÕES [main] org.apache.catalina.startup.VersionLoggerListener.log OS Name:               Windows 10
13-Nov-2023 21:53:10.642 INFORMAÇÕES [main] org.apache.catalina.startup.VersionLoggerListener.log OS Version:            10.0
13-Nov-2023 21:53:10.642 INFORMAÇÕES [main] org.apache.catalina.startup.VersionLoggerListener.log Architecture:          amd64
13-Nov-2023 21:53:10.642 INFORMAÇÕES [main] org.apache.catalina.startup.VersionLoggerListener.log Java Home:             C:\Users\victo\.jdks\azul-17.0.9
13-Nov-2023 21:53:10.643 INFORMAÇÕES [main] org.apache.catalina.startup.VersionLoggerListener.log JVM Version:           17.0.9+8-LTS
13-Nov-2023 21:53:10.643 INFORMAÇÕES [main] org.apache.catalina.startup.VersionLoggerListener.log JVM Vendor:            Azul Systems, Inc.
13-Nov-2023 21:53:10.643 INFORMAÇÕES [main] org.apache.catalina.startup.VersionLoggerListener.log CATALINA_BASE:         C:\Users\victo\OneDrive\Área de Trabalho\AceleraZG\Bruna\Linketinder
13-Nov-2023 21:53:10.643 INFORMAÇÕES [main] org.apache.catalina.startup.VersionLoggerListener.log CATALINA_HOME:         D:\apache-tomcat-10.1.15-windows-x64\apache-tomcat-10.1.15
13-Nov-2023 21:53:10.658 INFORMAÇÕES [main] org.apache.catalina.startup.VersionLoggerListener.log Command line argument: --add-opens=java.base/java.lang=ALL-UNNAMED
13-Nov-2023 21:53:10.658 INFORMAÇÕES [main] org.apache.catalina.startup.VersionLoggerListener.log Command line argument: --add-opens=java.base/java.io=ALL-UNNAMED
13-Nov-2023 21:53:10.658 INFORMAÇÕES [main] org.apache.catalina.startup.VersionLoggerListener.log Command line argument: --add-opens=java.base/java.util=ALL-UNNAMED
13-Nov-2023 21:53:10.658 INFORMAÇÕES [main] org.apache.catalina.startup.VersionLoggerListener.log Command line argument: --add-opens=java.base/java.util.concurrent=ALL-UNNAMED
13-Nov-2023 21:53:10.658 INFORMAÇÕES [main] org.apache.catalina.startup.VersionLoggerListener.log Command line argument: --add-opens=java.rmi/sun.rmi.transport=ALL-UNNAMED
13-Nov-2023 21:53:10.658 INFORMAÇÕES [main] org.apache.catalina.startup.VersionLoggerListener.log Command line argument: -Dcatalina.home=D:\apache-tomcat-10.1.15-windows-x64\apache-tomcat-10.1.15
13-Nov-2023 21:53:10.659 INFORMAÇÕES [main] org.apache.catalina.startup.VersionLoggerListener.log Command line argument: -Dcatalina.base=C:\Users\victo\OneDrive\Área de Trabalho\AceleraZG\Bruna\Linketinder
13-Nov-2023 21:53:10.659 INFORMAÇÕES [main] org.apache.catalina.startup.VersionLoggerListener.log Command line argument: -Djava.io.tmpdir=C:\Users\victo\OneDrive\Área de Trabalho\AceleraZG\Bruna\Linketinder\temp
13-Nov-2023 21:53:10.659 INFORMAÇÕES [main] org.apache.catalina.startup.VersionLoggerListener.log Command line argument: -Djava.util.logging.config.file=C:\Users\victo\OneDrive\Área de Trabalho\AceleraZG\Bruna\Linketinder\conf\logging.properties
13-Nov-2023 21:53:10.659 INFORMAÇÕES [main] org.apache.catalina.startup.VersionLoggerListener.log Command line argument: -Djava.util.logging.manager=org.apache.juli.ClassLoaderLogManager
13-Nov-2023 21:53:10.659 INFORMAÇÕES [main] org.apache.catalina.startup.VersionLoggerListener.log Command line argument: -javaagent:D:\IntelliJ IDEA Community Edition 2023.2.2\lib\idea_rt.jar=64890:D:\IntelliJ IDEA Community Edition 2023.2.2\bin
13-Nov-2023 21:53:10.659 INFORMAÇÕES [main] org.apache.catalina.startup.VersionLoggerListener.log Command line argument: -Dfile.encoding=UTF-8
13-Nov-2023 21:53:10.736 INFORMAÇÕES [main] org.apache.catalina.core.AprLifecycleListener.lifecycleEvent Loaded Apache Tomcat Native library [2.0.6] using APR version [1.7.4].
13-Nov-2023 21:53:10.788 INFORMAÇÕES [main] org.apache.catalina.core.AprLifecycleListener.initializeSSL OpenSSL successfully initialized [OpenSSL 3.0.11 19 Sep 2023]
13-Nov-2023 21:53:11.083 INFORMAÇÕES [main] org.apache.coyote.AbstractProtocol.init Initializing ProtocolHandler ["http-nio-8080"]
13-Nov-2023 21:53:11.113 INFORMAÇÕES [main] org.apache.catalina.startup.Catalina.load Server initialization in [705] milliseconds
13-Nov-2023 21:53:11.159 INFORMAÇÕES [main] org.apache.catalina.core.StandardService.startInternal Starting service [Catalina]
13-Nov-2023 21:53:11.160 INFORMAÇÕES [main] org.apache.catalina.core.StandardEngine.startInternal Starting Servlet engine: [Apache Tomcat/10.1.15]
13-Nov-2023 21:53:11.174 INFORMAÇÕES [main] org.apache.catalina.startup.HostConfig.deployDescriptor Deploying deployment descriptor [C:\Users\victo\OneDrive\Área de Trabalho\AceleraZG\Bruna\Linketinder\conf\Catalina\localhost\ROOT.xml]
13-Nov-2023 21:53:16.515 INFORMAÇÕES [main] org.apache.jasper.servlet.TldScanner.scanJars At least one JAR was scanned for TLDs yet contained no TLDs. Enable debug logging for this logger for a complete list of JARs that were scanned but no TLDs were found in them. Skipping unneeded JARs during scanning can improve startup time and JSP compilation time.
13-Nov-2023 21:53:16.692 INFORMAÇÕES [main] org.apache.catalina.startup.HostConfig.deployDescriptor Deployment of deployment descriptor [C:\Users\victo\OneDrive\Área de Trabalho\AceleraZG\Bruna\Linketinder\conf\Catalina\localhost\ROOT.xml] has finished in [5.513] ms
13-Nov-2023 21:53:16.703 INFORMAÇÕES [main] org.apache.coyote.AbstractProtocol.start Starting ProtocolHandler ["http-nio-8080"]
13-Nov-2023 21:53:16.796 INFORMAÇÕES [main] org.apache.catalina.startup.Catalina.start Server startup in [5684] milliseconds
13-Nov-2023 21:54:50.996 INFORMAÇÕES [Thread-1] org.apache.coyote.AbstractProtocol.pause Pausing ProtocolHandler ["http-nio-8080"]
13-Nov-2023 21:54:51.009 INFORMAÇÕES [Thread-1] org.apache.catalina.core.StandardService.stopInternal Stopping service [Catalina]
13-Nov-2023 21:54:51.028 INFORMAÇÕES [Thread-1] org.apache.coyote.AbstractProtocol.stop Stopping ProtocolHandler ["http-nio-8080"]
13-Nov-2023 21:54:51.038 INFORMAÇÕES [Thread-1] org.apache.coyote.AbstractProtocol.destroy Destroying ProtocolHandler ["http-nio-8080"]
13-Nov-2023 21:54:56.581 INFORMAÇÕES [main] org.apache.catalina.startup.VersionLoggerListener.log Server version name:   Apache Tomcat/10.1.15
13-Nov-2023 21:54:56.589 INFORMAÇÕES [main] org.apache.catalina.startup.VersionLoggerListener.log Server built:          Oct 11 2023 23:38:40 UTC
13-Nov-2023 21:54:56.589 INFORMAÇÕES [main] org.apache.catalina.startup.VersionLoggerListener.log Server version number: 10.1.15.0
13-Nov-2023 21:54:56.589 INFORMAÇÕES [main] org.apache.catalina.startup.VersionLoggerListener.log OS Name:               Windows 10
13-Nov-2023 21:54:56.589 INFORMAÇÕES [main] org.apache.catalina.startup.VersionLoggerListener.log OS Version:            10.0
13-Nov-2023 21:54:56.589 INFORMAÇÕES [main] org.apache.catalina.startup.VersionLoggerListener.log Architecture:          amd64
13-Nov-2023 21:54:56.589 INFORMAÇÕES [main] org.apache.catalina.startup.VersionLoggerListener.log Java Home:             C:\Users\victo\.jdks\azul-17.0.9
13-Nov-2023 21:54:56.590 INFORMAÇÕES [main] org.apache.catalina.startup.VersionLoggerListener.log JVM Version:           17.0.9+8-LTS
13-Nov-2023 21:54:56.590 INFORMAÇÕES [main] org.apache.catalina.startup.VersionLoggerListener.log JVM Vendor:            Azul Systems, Inc.
13-Nov-2023 21:54:56.590 INFORMAÇÕES [main] org.apache.catalina.startup.VersionLoggerListener.log CATALINA_BASE:         C:\Users\victo\OneDrive\Área de Trabalho\AceleraZG\Bruna\Linketinder
13-Nov-2023 21:54:56.590 INFORMAÇÕES [main] org.apache.catalina.startup.VersionLoggerListener.log CATALINA_HOME:         D:\apache-tomcat-10.1.15-windows-x64\apache-tomcat-10.1.15
13-Nov-2023 21:54:56.607 INFORMAÇÕES [main] org.apache.catalina.startup.VersionLoggerListener.log Command line argument: --add-opens=java.base/java.lang=ALL-UNNAMED
13-Nov-2023 21:54:56.608 INFORMAÇÕES [main] org.apache.catalina.startup.VersionLoggerListener.log Command line argument: --add-opens=java.base/java.io=ALL-UNNAMED
13-Nov-2023 21:54:56.609 INFORMAÇÕES [main] org.apache.catalina.startup.VersionLoggerListener.log Command line argument: --add-opens=java.base/java.util=ALL-UNNAMED
13-Nov-2023 21:54:56.610 INFORMAÇÕES [main] org.apache.catalina.startup.VersionLoggerListener.log Command line argument: --add-opens=java.base/java.util.concurrent=ALL-UNNAMED
13-Nov-2023 21:54:56.610 INFORMAÇÕES [main] org.apache.catalina.startup.VersionLoggerListener.log Command line argument: --add-opens=java.rmi/sun.rmi.transport=ALL-UNNAMED
13-Nov-2023 21:54:56.610 INFORMAÇÕES [main] org.apache.catalina.startup.VersionLoggerListener.log Command line argument: -Dcatalina.home=D:\apache-tomcat-10.1.15-windows-x64\apache-tomcat-10.1.15
13-Nov-2023 21:54:56.610 INFORMAÇÕES [main] org.apache.catalina.startup.VersionLoggerListener.log Command line argument: -Dcatalina.base=C:\Users\victo\OneDrive\Área de Trabalho\AceleraZG\Bruna\Linketinder
13-Nov-2023 21:54:56.611 INFORMAÇÕES [main] org.apache.catalina.startup.VersionLoggerListener.log Command line argument: -Djava.io.tmpdir=C:\Users\victo\OneDrive\Área de Trabalho\AceleraZG\Bruna\Linketinder\temp
13-Nov-2023 21:54:56.611 INFORMAÇÕES [main] org.apache.catalina.startup.VersionLoggerListener.log Command line argument: -Djava.util.logging.config.file=C:\Users\victo\OneDrive\Área de Trabalho\AceleraZG\Bruna\Linketinder\conf\logging.properties
13-Nov-2023 21:54:56.611 INFORMAÇÕES [main] org.apache.catalina.startup.VersionLoggerListener.log Command line argument: -Djava.util.logging.manager=org.apache.juli.ClassLoaderLogManager
13-Nov-2023 21:54:56.611 INFORMAÇÕES [main] org.apache.catalina.startup.VersionLoggerListener.log Command line argument: -javaagent:D:\IntelliJ IDEA Community Edition 2023.2.2\lib\idea_rt.jar=64909:D:\IntelliJ IDEA Community Edition 2023.2.2\bin
13-Nov-2023 21:54:56.612 INFORMAÇÕES [main] org.apache.catalina.startup.VersionLoggerListener.log Command line argument: -Dfile.encoding=UTF-8
13-Nov-2023 21:54:56.614 INFORMAÇÕES [main] org.apache.catalina.core.AprLifecycleListener.lifecycleEvent Loaded Apache Tomcat Native library [2.0.6] using APR version [1.7.4].
13-Nov-2023 21:54:56.622 INFORMAÇÕES [main] org.apache.catalina.core.AprLifecycleListener.initializeSSL OpenSSL successfully initialized [OpenSSL 3.0.11 19 Sep 2023]
13-Nov-2023 21:54:56.988 INFORMAÇÕES [main] org.apache.coyote.AbstractProtocol.init Initializing ProtocolHandler ["http-nio-8080"]
13-Nov-2023 21:54:57.011 INFORMAÇÕES [main] org.apache.catalina.startup.Catalina.load Server initialization in [863] milliseconds
13-Nov-2023 21:54:57.051 INFORMAÇÕES [main] org.apache.catalina.core.StandardService.startInternal Starting service [Catalina]
13-Nov-2023 21:54:57.052 INFORMAÇÕES [main] org.apache.catalina.core.StandardEngine.startInternal Starting Servlet engine: [Apache Tomcat/10.1.15]
13-Nov-2023 21:54:57.062 INFORMAÇÕES [main] org.apache.catalina.startup.HostConfig.deployDescriptor Deploying deployment descriptor [C:\Users\victo\OneDrive\Área de Trabalho\AceleraZG\Bruna\Linketinder\conf\Catalina\localhost\ROOT.xml]
13-Nov-2023 21:55:01.575 INFORMAÇÕES [main] org.apache.jasper.servlet.TldScanner.scanJars At least one JAR was scanned for TLDs yet contained no TLDs. Enable debug logging for this logger for a complete list of JARs that were scanned but no TLDs were found in them. Skipping unneeded JARs during scanning can improve startup time and JSP compilation time.
13-Nov-2023 21:55:01.683 INFORMAÇÕES [main] org.apache.catalina.startup.HostConfig.deployDescriptor Deployment of deployment descriptor [C:\Users\victo\OneDrive\Área de Trabalho\AceleraZG\Bruna\Linketinder\conf\Catalina\localhost\ROOT.xml] has finished in [4.619] ms
13-Nov-2023 21:55:01.687 INFORMAÇÕES [main] org.apache.coyote.AbstractProtocol.start Starting ProtocolHandler ["http-nio-8080"]
13-Nov-2023 21:55:01.765 INFORMAÇÕES [main] org.apache.catalina.startup.Catalina.start Server startup in [4754] milliseconds
13-Nov-2023 21:56:56.890 INFORMAÇÕES [Thread-1] org.apache.coyote.AbstractProtocol.pause Pausing ProtocolHandler ["http-nio-8080"]
13-Nov-2023 21:56:56.902 INFORMAÇÕES [Thread-1] org.apache.catalina.core.StandardService.stopInternal Stopping service [Catalina]
13-Nov-2023 21:56:56.926 INFORMAÇÕES [Thread-1] org.apache.coyote.AbstractProtocol.stop Stopping ProtocolHandler ["http-nio-8080"]
13-Nov-2023 21:56:56.942 INFORMAÇÕES [Thread-1] org.apache.coyote.AbstractProtocol.destroy Destroying ProtocolHandler ["http-nio-8080"]
13-Nov-2023 21:59:35.612 INFORMAÇÕES [main] org.apache.catalina.startup.VersionLoggerListener.log Server version name:   Apache Tomcat/10.1.15
13-Nov-2023 21:59:35.619 INFORMAÇÕES [main] org.apache.catalina.startup.VersionLoggerListener.log Server built:          Oct 11 2023 23:38:40 UTC
13-Nov-2023 21:59:35.619 INFORMAÇÕES [main] org.apache.catalina.startup.VersionLoggerListener.log Server version number: 10.1.15.0
13-Nov-2023 21:59:35.619 INFORMAÇÕES [main] org.apache.catalina.startup.VersionLoggerListener.log OS Name:               Windows 10
13-Nov-2023 21:59:35.619 INFORMAÇÕES [main] org.apache.catalina.startup.VersionLoggerListener.log OS Version:            10.0
13-Nov-2023 21:59:35.619 INFORMAÇÕES [main] org.apache.catalina.startup.VersionLoggerListener.log Architecture:          amd64
13-Nov-2023 21:59:35.620 INFORMAÇÕES [main] org.apache.catalina.startup.VersionLoggerListener.log Java Home:             C:\Users\victo\.jdks\azul-17.0.9
13-Nov-2023 21:59:35.620 INFORMAÇÕES [main] org.apache.catalina.startup.VersionLoggerListener.log JVM Version:           17.0.9+8-LTS
13-Nov-2023 21:59:35.620 INFORMAÇÕES [main] org.apache.catalina.startup.VersionLoggerListener.log JVM Vendor:            Azul Systems, Inc.
13-Nov-2023 21:59:35.620 INFORMAÇÕES [main] org.apache.catalina.startup.VersionLoggerListener.log CATALINA_BASE:         C:\Users\victo\OneDrive\Área de Trabalho\AceleraZG\Bruna\Linketinder
13-Nov-2023 21:59:35.620 INFORMAÇÕES [main] org.apache.catalina.startup.VersionLoggerListener.log CATALINA_HOME:         D:\apache-tomcat-10.1.15-windows-x64\apache-tomcat-10.1.15
13-Nov-2023 21:59:35.634 INFORMAÇÕES [main] org.apache.catalina.startup.VersionLoggerListener.log Command line argument: --add-opens=java.base/java.lang=ALL-UNNAMED
13-Nov-2023 21:59:35.634 INFORMAÇÕES [main] org.apache.catalina.startup.VersionLoggerListener.log Command line argument: --add-opens=java.base/java.io=ALL-UNNAMED
13-Nov-2023 21:59:35.634 INFORMAÇÕES [main] org.apache.catalina.startup.VersionLoggerListener.log Command line argument: --add-opens=java.base/java.util=ALL-UNNAMED
13-Nov-2023 21:59:35.634 INFORMAÇÕES [main] org.apache.catalina.startup.VersionLoggerListener.log Command line argument: --add-opens=java.base/java.util.concurrent=ALL-UNNAMED
13-Nov-2023 21:59:35.634 INFORMAÇÕES [main] org.apache.catalina.startup.VersionLoggerListener.log Command line argument: --add-opens=java.rmi/sun.rmi.transport=ALL-UNNAMED
13-Nov-2023 21:59:35.635 INFORMAÇÕES [main] org.apache.catalina.startup.VersionLoggerListener.log Command line argument: -Dcatalina.home=D:\apache-tomcat-10.1.15-windows-x64\apache-tomcat-10.1.15
13-Nov-2023 21:59:35.635 INFORMAÇÕES [main] org.apache.catalina.startup.VersionLoggerListener.log Command line argument: -Dcatalina.base=C:\Users\victo\OneDrive\Área de Trabalho\AceleraZG\Bruna\Linketinder
13-Nov-2023 21:59:35.635 INFORMAÇÕES [main] org.apache.catalina.startup.VersionLoggerListener.log Command line argument: -Djava.io.tmpdir=C:\Users\victo\OneDrive\Área de Trabalho\AceleraZG\Bruna\Linketinder\temp
13-Nov-2023 21:59:35.635 INFORMAÇÕES [main] org.apache.catalina.startup.VersionLoggerListener.log Command line argument: -Djava.util.logging.config.file=C:\Users\victo\OneDrive\Área de Trabalho\AceleraZG\Bruna\Linketinder\conf\logging.properties
13-Nov-2023 21:59:35.635 INFORMAÇÕES [main] org.apache.catalina.startup.VersionLoggerListener.log Command line argument: -Djava.util.logging.manager=org.apache.juli.ClassLoaderLogManager
13-Nov-2023 21:59:35.635 INFORMAÇÕES [main] org.apache.catalina.startup.VersionLoggerListener.log Command line argument: -javaagent:D:\IntelliJ IDEA Community Edition 2023.2.2\lib\idea_rt.jar=64963:D:\IntelliJ IDEA Community Edition 2023.2.2\bin
13-Nov-2023 21:59:35.636 INFORMAÇÕES [main] org.apache.catalina.startup.VersionLoggerListener.log Command line argument: -Dfile.encoding=UTF-8
13-Nov-2023 21:59:35.640 INFORMAÇÕES [main] org.apache.catalina.core.AprLifecycleListener.lifecycleEvent Loaded Apache Tomcat Native library [2.0.6] using APR version [1.7.4].
13-Nov-2023 21:59:35.650 INFORMAÇÕES [main] org.apache.catalina.core.AprLifecycleListener.initializeSSL OpenSSL successfully initialized [OpenSSL 3.0.11 19 Sep 2023]
13-Nov-2023 21:59:36.010 INFORMAÇÕES [main] org.apache.coyote.AbstractProtocol.init Initializing ProtocolHandler ["http-nio-8080"]
13-Nov-2023 21:59:36.036 INFORMAÇÕES [main] org.apache.catalina.startup.Catalina.load Server initialization in [850] milliseconds
13-Nov-2023 21:59:36.092 INFORMAÇÕES [main] org.apache.catalina.core.StandardService.startInternal Starting service [Catalina]
13-Nov-2023 21:59:36.093 INFORMAÇÕES [main] org.apache.catalina.core.StandardEngine.startInternal Starting Servlet engine: [Apache Tomcat/10.1.15]
13-Nov-2023 21:59:36.111 INFORMAÇÕES [main] org.apache.catalina.startup.HostConfig.deployDescriptor Deploying deployment descriptor [C:\Users\victo\OneDrive\Área de Trabalho\AceleraZG\Bruna\Linketinder\conf\Catalina\localhost\ROOT.xml]
13-Nov-2023 21:59:40.825 INFORMAÇÕES [main] org.apache.jasper.servlet.TldScanner.scanJars At least one JAR was scanned for TLDs yet contained no TLDs. Enable debug logging for this logger for a complete list of JARs that were scanned but no TLDs were found in them. Skipping unneeded JARs during scanning can improve startup time and JSP compilation time.
13-Nov-2023 21:59:40.941 INFORMAÇÕES [main] org.apache.catalina.startup.HostConfig.deployDescriptor Deployment of deployment descriptor [C:\Users\victo\OneDrive\Área de Trabalho\AceleraZG\Bruna\Linketinder\conf\Catalina\localhost\ROOT.xml] has finished in [4.830] ms
13-Nov-2023 21:59:40.944 INFORMAÇÕES [main] org.apache.coyote.AbstractProtocol.start Starting ProtocolHandler ["http-nio-8080"]
13-Nov-2023 21:59:41.031 INFORMAÇÕES [main] org.apache.catalina.startup.Catalina.start Server startup in [4994] milliseconds
13-Nov-2023 22:05:07.668 INFORMAÇÕES [Thread-1] org.apache.coyote.AbstractProtocol.pause Pausing ProtocolHandler ["http-nio-8080"]
13-Nov-2023 22:05:07.679 INFORMAÇÕES [Thread-1] org.apache.catalina.core.StandardService.stopInternal Stopping service [Catalina]
13-Nov-2023 22:05:07.683 ADVERTÊNCIA [Thread-1] org.apache.catalina.loader.WebappClassLoaderBase.clearReferencesJdbc The web application [ROOT] registered the JDBC driver [org.postgresql.Driver] but failed to unregister it when the web application was stopped. To prevent a memory leak, the JDBC Driver has been forcibly unregistered.
13-Nov-2023 22:05:07.687 INFORMAÇÕES [Thread-1] org.apache.coyote.AbstractProtocol.stop Stopping ProtocolHandler ["http-nio-8080"]
13-Nov-2023 22:05:07.690 INFORMAÇÕES [Thread-1] org.apache.coyote.AbstractProtocol.destroy Destroying ProtocolHandler ["http-nio-8080"]
13-Nov-2023 22:05:15.865 INFORMAÇÕES [main] org.apache.catalina.startup.VersionLoggerListener.log Server version name:   Apache Tomcat/10.1.15
13-Nov-2023 22:05:15.871 INFORMAÇÕES [main] org.apache.catalina.startup.VersionLoggerListener.log Server built:          Oct 11 2023 23:38:40 UTC
13-Nov-2023 22:05:15.872 INFORMAÇÕES [main] org.apache.catalina.startup.VersionLoggerListener.log Server version number: 10.1.15.0
13-Nov-2023 22:05:15.873 INFORMAÇÕES [main] org.apache.catalina.startup.VersionLoggerListener.log OS Name:               Windows 10
13-Nov-2023 22:05:15.873 INFORMAÇÕES [main] org.apache.catalina.startup.VersionLoggerListener.log OS Version:            10.0
13-Nov-2023 22:05:15.873 INFORMAÇÕES [main] org.apache.catalina.startup.VersionLoggerListener.log Architecture:          amd64
13-Nov-2023 22:05:15.873 INFORMAÇÕES [main] org.apache.catalina.startup.VersionLoggerListener.log Java Home:             C:\Users\victo\.jdks\azul-17.0.9
13-Nov-2023 22:05:15.873 INFORMAÇÕES [main] org.apache.catalina.startup.VersionLoggerListener.log JVM Version:           17.0.9+8-LTS
13-Nov-2023 22:05:15.873 INFORMAÇÕES [main] org.apache.catalina.startup.VersionLoggerListener.log JVM Vendor:            Azul Systems, Inc.
13-Nov-2023 22:05:15.873 INFORMAÇÕES [main] org.apache.catalina.startup.VersionLoggerListener.log CATALINA_BASE:         C:\Users\victo\OneDrive\Área de Trabalho\AceleraZG\Bruna\Linketinder
13-Nov-2023 22:05:15.873 INFORMAÇÕES [main] org.apache.catalina.startup.VersionLoggerListener.log CATALINA_HOME:         D:\apache-tomcat-10.1.15-windows-x64\apache-tomcat-10.1.15
13-Nov-2023 22:05:15.883 INFORMAÇÕES [main] org.apache.catalina.startup.VersionLoggerListener.log Command line argument: --add-opens=java.base/java.lang=ALL-UNNAMED
13-Nov-2023 22:05:15.883 INFORMAÇÕES [main] org.apache.catalina.startup.VersionLoggerListener.log Command line argument: --add-opens=java.base/java.io=ALL-UNNAMED
13-Nov-2023 22:05:15.883 INFORMAÇÕES [main] org.apache.catalina.startup.VersionLoggerListener.log Command line argument: --add-opens=java.base/java.util=ALL-UNNAMED
13-Nov-2023 22:05:15.883 INFORMAÇÕES [main] org.apache.catalina.startup.VersionLoggerListener.log Command line argument: --add-opens=java.base/java.util.concurrent=ALL-UNNAMED
13-Nov-2023 22:05:15.884 INFORMAÇÕES [main] org.apache.catalina.startup.VersionLoggerListener.log Command line argument: --add-opens=java.rmi/sun.rmi.transport=ALL-UNNAMED
13-Nov-2023 22:05:15.884 INFORMAÇÕES [main] org.apache.catalina.startup.VersionLoggerListener.log Command line argument: -Dcatalina.home=D:\apache-tomcat-10.1.15-windows-x64\apache-tomcat-10.1.15
13-Nov-2023 22:05:15.884 INFORMAÇÕES [main] org.apache.catalina.startup.VersionLoggerListener.log Command line argument: -Dcatalina.base=C:\Users\victo\OneDrive\Área de Trabalho\AceleraZG\Bruna\Linketinder
13-Nov-2023 22:05:15.884 INFORMAÇÕES [main] org.apache.catalina.startup.VersionLoggerListener.log Command line argument: -Djava.io.tmpdir=C:\Users\victo\OneDrive\Área de Trabalho\AceleraZG\Bruna\Linketinder\temp
13-Nov-2023 22:05:15.884 INFORMAÇÕES [main] org.apache.catalina.startup.VersionLoggerListener.log Command line argument: -Djava.util.logging.config.file=C:\Users\victo\OneDrive\Área de Trabalho\AceleraZG\Bruna\Linketinder\conf\logging.properties
13-Nov-2023 22:05:15.884 INFORMAÇÕES [main] org.apache.catalina.startup.VersionLoggerListener.log Command line argument: -Djava.util.logging.manager=org.apache.juli.ClassLoaderLogManager
13-Nov-2023 22:05:15.884 INFORMAÇÕES [main] org.apache.catalina.startup.VersionLoggerListener.log Command line argument: -javaagent:D:\IntelliJ IDEA Community Edition 2023.2.2\lib\idea_rt.jar=50822:D:\IntelliJ IDEA Community Edition 2023.2.2\bin
13-Nov-2023 22:05:15.884 INFORMAÇÕES [main] org.apache.catalina.startup.VersionLoggerListener.log Command line argument: -Dfile.encoding=UTF-8
13-Nov-2023 22:05:15.887 INFORMAÇÕES [main] org.apache.catalina.core.AprLifecycleListener.lifecycleEvent Loaded Apache Tomcat Native library [2.0.6] using APR version [1.7.4].
13-Nov-2023 22:05:15.896 INFORMAÇÕES [main] org.apache.catalina.core.AprLifecycleListener.initializeSSL OpenSSL successfully initialized [OpenSSL 3.0.11 19 Sep 2023]
13-Nov-2023 22:05:16.214 INFORMAÇÕES [main] org.apache.coyote.AbstractProtocol.init Initializing ProtocolHandler ["http-nio-8080"]
13-Nov-2023 22:05:16.239 INFORMAÇÕES [main] org.apache.catalina.startup.Catalina.load Server initialization in [751] milliseconds
13-Nov-2023 22:05:16.312 INFORMAÇÕES [main] org.apache.catalina.core.StandardService.startInternal Starting service [Catalina]
13-Nov-2023 22:05:16.312 INFORMAÇÕES [main] org.apache.catalina.core.StandardEngine.startInternal Starting Servlet engine: [Apache Tomcat/10.1.15]
13-Nov-2023 22:05:16.331 INFORMAÇÕES [main] org.apache.catalina.startup.HostConfig.deployDescriptor Deploying deployment descriptor [C:\Users\victo\OneDrive\Área de Trabalho\AceleraZG\Bruna\Linketinder\conf\Catalina\localhost\ROOT.xml]
13-Nov-2023 22:05:20.559 INFORMAÇÕES [main] org.apache.jasper.servlet.TldScanner.scanJars At least one JAR was scanned for TLDs yet contained no TLDs. Enable debug logging for this logger for a complete list of JARs that were scanned but no TLDs were found in them. Skipping unneeded JARs during scanning can improve startup time and JSP compilation time.
13-Nov-2023 22:05:20.673 INFORMAÇÕES [main] org.apache.catalina.startup.HostConfig.deployDescriptor Deployment of deployment descriptor [C:\Users\victo\OneDrive\Área de Trabalho\AceleraZG\Bruna\Linketinder\conf\Catalina\localhost\ROOT.xml] has finished in [4.340] ms
13-Nov-2023 22:05:20.677 INFORMAÇÕES [main] org.apache.coyote.AbstractProtocol.start Starting ProtocolHandler ["http-nio-8080"]
13-Nov-2023 22:05:20.757 INFORMAÇÕES [main] org.apache.catalina.startup.Catalina.start Server startup in [4517] milliseconds
13-Nov-2023 22:11:54.276 INFORMAÇÕES [Thread-1] org.apache.coyote.AbstractProtocol.pause Pausing ProtocolHandler ["http-nio-8080"]
13-Nov-2023 22:11:54.287 INFORMAÇÕES [Thread-1] org.apache.catalina.core.StandardService.stopInternal Stopping service [Catalina]
13-Nov-2023 22:11:54.306 INFORMAÇÕES [Thread-1] org.apache.coyote.AbstractProtocol.stop Stopping ProtocolHandler ["http-nio-8080"]
13-Nov-2023 22:11:54.314 INFORMAÇÕES [Thread-1] org.apache.coyote.AbstractProtocol.destroy Destroying ProtocolHandler ["http-nio-8080"]
13-Nov-2023 22:12:01.329 INFORMAÇÕES [main] org.apache.catalina.startup.VersionLoggerListener.log Server version name:   Apache Tomcat/10.1.15
13-Nov-2023 22:12:01.336 INFORMAÇÕES [main] org.apache.catalina.startup.VersionLoggerListener.log Server built:          Oct 11 2023 23:38:40 UTC
13-Nov-2023 22:12:01.336 INFORMAÇÕES [main] org.apache.catalina.startup.VersionLoggerListener.log Server version number: 10.1.15.0
13-Nov-2023 22:12:01.336 INFORMAÇÕES [main] org.apache.catalina.startup.VersionLoggerListener.log OS Name:               Windows 10
13-Nov-2023 22:12:01.336 INFORMAÇÕES [main] org.apache.catalina.startup.VersionLoggerListener.log OS Version:            10.0
13-Nov-2023 22:12:01.336 INFORMAÇÕES [main] org.apache.catalina.startup.VersionLoggerListener.log Architecture:          amd64
13-Nov-2023 22:12:01.337 INFORMAÇÕES [main] org.apache.catalina.startup.VersionLoggerListener.log Java Home:             C:\Users\victo\.jdks\azul-17.0.9
13-Nov-2023 22:12:01.337 INFORMAÇÕES [main] org.apache.catalina.startup.VersionLoggerListener.log JVM Version:           17.0.9+8-LTS
13-Nov-2023 22:12:01.337 INFORMAÇÕES [main] org.apache.catalina.startup.VersionLoggerListener.log JVM Vendor:            Azul Systems, Inc.
13-Nov-2023 22:12:01.337 INFORMAÇÕES [main] org.apache.catalina.startup.VersionLoggerListener.log CATALINA_BASE:         C:\Users\victo\OneDrive\Área de Trabalho\AceleraZG\Bruna\Linketinder
13-Nov-2023 22:12:01.337 INFORMAÇÕES [main] org.apache.catalina.startup.VersionLoggerListener.log CATALINA_HOME:         D:\apache-tomcat-10.1.15-windows-x64\apache-tomcat-10.1.15
13-Nov-2023 22:12:01.351 INFORMAÇÕES [main] org.apache.catalina.startup.VersionLoggerListener.log Command line argument: --add-opens=java.base/java.lang=ALL-UNNAMED
13-Nov-2023 22:12:01.352 INFORMAÇÕES [main] org.apache.catalina.startup.VersionLoggerListener.log Command line argument: --add-opens=java.base/java.io=ALL-UNNAMED
13-Nov-2023 22:12:01.352 INFORMAÇÕES [main] org.apache.catalina.startup.VersionLoggerListener.log Command line argument: --add-opens=java.base/java.util=ALL-UNNAMED
13-Nov-2023 22:12:01.352 INFORMAÇÕES [main] org.apache.catalina.startup.VersionLoggerListener.log Command line argument: --add-opens=java.base/java.util.concurrent=ALL-UNNAMED
13-Nov-2023 22:12:01.352 INFORMAÇÕES [main] org.apache.catalina.startup.VersionLoggerListener.log Command line argument: --add-opens=java.rmi/sun.rmi.transport=ALL-UNNAMED
13-Nov-2023 22:12:01.352 INFORMAÇÕES [main] org.apache.catalina.startup.VersionLoggerListener.log Command line argument: -Dcatalina.home=D:\apache-tomcat-10.1.15-windows-x64\apache-tomcat-10.1.15
13-Nov-2023 22:12:01.352 INFORMAÇÕES [main] org.apache.catalina.startup.VersionLoggerListener.log Command line argument: -Dcatalina.base=C:\Users\victo\OneDrive\Área de Trabalho\AceleraZG\Bruna\Linketinder
13-Nov-2023 22:12:01.352 INFORMAÇÕES [main] org.apache.catalina.startup.VersionLoggerListener.log Command line argument: -Djava.io.tmpdir=C:\Users\victo\OneDrive\Área de Trabalho\AceleraZG\Bruna\Linketinder\temp
13-Nov-2023 22:12:01.352 INFORMAÇÕES [main] org.apache.catalina.startup.VersionLoggerListener.log Command line argument: -Djava.util.logging.config.file=C:\Users\victo\OneDrive\Área de Trabalho\AceleraZG\Bruna\Linketinder\conf\logging.properties
13-Nov-2023 22:12:01.353 INFORMAÇÕES [main] org.apache.catalina.startup.VersionLoggerListener.log Command line argument: -Djava.util.logging.manager=org.apache.juli.ClassLoaderLogManager
13-Nov-2023 22:12:01.353 INFORMAÇÕES [main] org.apache.catalina.startup.VersionLoggerListener.log Command line argument: -javaagent:D:\IntelliJ IDEA Community Edition 2023.2.2\lib\idea_rt.jar=55425:D:\IntelliJ IDEA Community Edition 2023.2.2\bin
13-Nov-2023 22:12:01.354 INFORMAÇÕES [main] org.apache.catalina.startup.VersionLoggerListener.log Command line argument: -Dfile.encoding=UTF-8
13-Nov-2023 22:12:01.358 INFORMAÇÕES [main] org.apache.catalina.core.AprLifecycleListener.lifecycleEvent Loaded Apache Tomcat Native library [2.0.6] using APR version [1.7.4].
13-Nov-2023 22:12:01.366 INFORMAÇÕES [main] org.apache.catalina.core.AprLifecycleListener.initializeSSL OpenSSL successfully initialized [OpenSSL 3.0.11 19 Sep 2023]
13-Nov-2023 22:12:01.737 INFORMAÇÕES [main] org.apache.coyote.AbstractProtocol.init Initializing ProtocolHandler ["http-nio-8080"]
13-Nov-2023 22:12:01.760 INFORMAÇÕES [main] org.apache.catalina.startup.Catalina.load Server initialization in [871] milliseconds
13-Nov-2023 22:12:01.824 INFORMAÇÕES [main] org.apache.catalina.core.StandardService.startInternal Starting service [Catalina]
13-Nov-2023 22:12:01.824 INFORMAÇÕES [main] org.apache.catalina.core.StandardEngine.startInternal Starting Servlet engine: [Apache Tomcat/10.1.15]
13-Nov-2023 22:12:01.837 INFORMAÇÕES [main] org.apache.catalina.startup.HostConfig.deployDescriptor Deploying deployment descriptor [C:\Users\victo\OneDrive\Área de Trabalho\AceleraZG\Bruna\Linketinder\conf\Catalina\localhost\ROOT.xml]
13-Nov-2023 22:12:06.176 INFORMAÇÕES [main] org.apache.jasper.servlet.TldScanner.scanJars At least one JAR was scanned for TLDs yet contained no TLDs. Enable debug logging for this logger for a complete list of JARs that were scanned but no TLDs were found in them. Skipping unneeded JARs during scanning can improve startup time and JSP compilation time.
13-Nov-2023 22:12:06.293 INFORMAÇÕES [main] org.apache.catalina.startup.HostConfig.deployDescriptor Deployment of deployment descriptor [C:\Users\victo\OneDrive\Área de Trabalho\AceleraZG\Bruna\Linketinder\conf\Catalina\localhost\ROOT.xml] has finished in [4.453] ms
13-Nov-2023 22:12:06.298 INFORMAÇÕES [main] org.apache.coyote.AbstractProtocol.start Starting ProtocolHandler ["http-nio-8080"]
13-Nov-2023 22:12:06.437 INFORMAÇÕES [main] org.apache.catalina.startup.Catalina.start Server startup in [4676] milliseconds
